c:\users\97252\source\repos\processsnapshot project\processsnapshot project\x64\debug\vc143.pdb
c:\users\97252\source\repos\processsnapshot project\processsnapshot project\x64\debug\vc143.idb
c:\users\97252\source\repos\processsnapshot project\processsnapshot project\x64\debug\main.obj
c:\users\97252\source\repos\processsnapshot project\processsnapshot project\x64\debug\takesnapshot.obj
c:\users\97252\source\repos\processsnapshot project\processsnapshot project\x64\debug\memorytelemetry.obj
c:\users\97252\source\repos\processsnapshot project\processsnapshot project\x64\debug\logfile.obj
c:\users\97252\source\repos\processsnapshot project\processsnapshot project\x64\debug\resetcollections.obj
c:\users\97252\source\repos\processsnapshot project\processsnapshot project\x64\debug\linkedlists.obj
c:\users\97252\source\repos\processsnapshot project\processsnapshot project\x64\debug\saveorloadfile.obj
c:\users\97252\source\repos\processsnapshot project\processsnapshot project\x64\debug\bubblesort.obj
c:\users\97252\source\repos\processsnapshot project\processsnapshot project\x64\debug\dictionary.obj
c:\users\97252\source\repos\processsnapshot project\x64\debug\processsnapshot project.exe
c:\users\97252\source\repos\processsnapshot project\processsnapshot project\x64\debug\processsnapshot project.ilk
c:\users\97252\source\repos\processsnapshot project\x64\debug\processsnapshot project.pdb
c:\users\97252\source\repos\processsnapshot project\processsnapshot project\x64\debug\dictionary.obj.enc
c:\users\97252\source\repos\processsnapshot project\processsnapshot project\x64\debug\linkedlists.obj.enc
c:\users\97252\source\repos\processsnapshot project\processsnapshot project\x64\debug\memorytelemetry.obj.enc
c:\users\97252\source\repos\processsnapshot project\processsnapshot project\x64\debug\resetcollections.obj.enc
c:\users\97252\source\repos\processsnapshot project\processsnapshot project\x64\debug\processs.eb6d42eb.tlog\cl.command.1.tlog
c:\users\97252\source\repos\processsnapshot project\processsnapshot project\x64\debug\processs.eb6d42eb.tlog\cl.read.1.tlog
c:\users\97252\source\repos\processsnapshot project\processsnapshot project\x64\debug\processs.eb6d42eb.tlog\cl.write.1.tlog
c:\users\97252\source\repos\processsnapshot project\processsnapshot project\x64\debug\processs.eb6d42eb.tlog\link.command.1.tlog
c:\users\97252\source\repos\processsnapshot project\processsnapshot project\x64\debug\processs.eb6d42eb.tlog\link.read.1.tlog
c:\users\97252\source\repos\processsnapshot project\processsnapshot project\x64\debug\processs.eb6d42eb.tlog\link.write.1.tlog
